Analysis & Synthesis report for tenweekproject
Mon Nov 07 22:14:24 2022
Quartus Prime Version 20.1.1 Build 720 11/11/2020 SJ Lite Edition


---------------------
; Table of Contents ;
---------------------
  1. Legal Notice
  2. Analysis & Synthesis Summary
  3. Analysis & Synthesis Settings
  4. Parallel Compilation
  5. Analysis & Synthesis Source Files Read
  6. Analysis & Synthesis Resource Usage Summary
  7. Analysis & Synthesis Resource Utilization by Entity
  8. General Register Statistics
  9. Multiplexer Restructuring Statistics (Restructuring Performed)
 10. Parameter Settings for User Entity Instance: PNU_CLK_DIV:inst4
 11. Parameter Settings for User Entity Instance: PNU_CLK_DIV:inst6
 12. Parameter Settings for User Entity Instance: PNU_CLK_DIV:inst7
 13. Parameter Settings for User Entity Instance: PNU_CLK_DIV:inst5
 14. Parameter Settings for User Entity Instance: PNU_CLK_DIV:inst9
 15. Parameter Settings for User Entity Instance: PNU_CLK_DIV:inst8
 16. Parameter Settings for User Entity Instance: PNU_CLK_DIV:inst
 17. Parameter Settings for User Entity Instance: PNU_CLK_DIV:inst2
 18. Parameter Settings for User Entity Instance: PNU_CLK_DIV:inst3
 19. Parameter Settings for User Entity Instance: PNU_CLK_DIV:inst1
 20. Analysis & Synthesis Messages



----------------
; Legal Notice ;
----------------
Copyright (C) 2020  Intel Corporation. All rights reserved.
Your use of Intel Corporation's design tools, logic functions 
and other software and tools, and any partner logic 
functions, and any output files from any of the foregoing 
(including device programming or simulation files), and any 
associated documentation or information are expressly subject 
to the terms and conditions of the Intel Program License 
Subscription Agreement, the Intel Quartus Prime License Agreement,
the Intel FPGA IP License Agreement, or other applicable license
agreement, including, without limitation, that your use is for
the sole purpose of programming logic devices manufactured by
Intel and sold by Intel or its authorized distributors.  Please
refer to the applicable agreement for further details, at
https://fpgasoftware.intel.com/eula.



+---------------------------------------------------------------------------+
; Analysis & Synthesis Summary                                              ;
+-----------------------------+---------------------------------------------+
; Analysis & Synthesis Status ; Successful - Mon Nov 07 22:14:24 2022       ;
; Quartus Prime Version       ; 20.1.1 Build 720 11/11/2020 SJ Lite Edition ;
; Revision Name               ; tenweekproject                              ;
; Top-level Entity Name       ; piezo                                       ;
; Family                      ; MAX V                                       ;
; Total logic elements        ; 307                                         ;
; Total pins                  ; 13                                          ;
; Total virtual pins          ; 0                                           ;
; UFM blocks                  ; 0 / 1 ( 0 % )                               ;
+-----------------------------+---------------------------------------------+


+------------------------------------------------------------------------------------------------------------+
; Analysis & Synthesis Settings                                                                              ;
+------------------------------------------------------------------+--------------------+--------------------+
; Option                                                           ; Setting            ; Default Value      ;
+------------------------------------------------------------------+--------------------+--------------------+
; Top-level entity name                                            ; piezo              ; tenweekproject     ;
; Family name                                                      ; MAX V              ; Cyclone V          ;
; Use smart compilation                                            ; Off                ; Off                ;
; Enable parallel Assembler and Timing Analyzer during compilation ; On                 ; On                 ;
; Enable compact report table                                      ; Off                ; Off                ;
; Restructure Multiplexers                                         ; Auto               ; Auto               ;
; Create Debugging Nodes for IP Cores                              ; Off                ; Off                ;
; Preserve fewer node names                                        ; On                 ; On                 ;
; Intel FPGA IP Evaluation Mode                                    ; Enable             ; Enable             ;
; Verilog Version                                                  ; Verilog_2001       ; Verilog_2001       ;
; VHDL Version                                                     ; VHDL_1993          ; VHDL_1993          ;
; State Machine Processing                                         ; Auto               ; Auto               ;
; Safe State Machine                                               ; Off                ; Off                ;
; Extract Verilog State Machines                                   ; On                 ; On                 ;
; Extract VHDL State Machines                                      ; On                 ; On                 ;
; Ignore Verilog initial constructs                                ; Off                ; Off                ;
; Iteration limit for constant Verilog loops                       ; 5000               ; 5000               ;
; Iteration limit for non-constant Verilog loops                   ; 250                ; 250                ;
; Add Pass-Through Logic to Inferred RAMs                          ; On                 ; On                 ;
; Infer RAMs from Raw Logic                                        ; On                 ; On                 ;
; Parallel Synthesis                                               ; On                 ; On                 ;
; NOT Gate Push-Back                                               ; On                 ; On                 ;
; Power-Up Don't Care                                              ; On                 ; On                 ;
; Remove Redundant Logic Cells                                     ; Off                ; Off                ;
; Remove Duplicate Registers                                       ; On                 ; On                 ;
; Ignore CARRY Buffers                                             ; Off                ; Off                ;
; Ignore CASCADE Buffers                                           ; Off                ; Off                ;
; Ignore GLOBAL Buffers                                            ; Off                ; Off                ;
; Ignore ROW GLOBAL Buffers                                        ; Off                ; Off                ;
; Ignore LCELL Buffers                                             ; Off                ; Off                ;
; Ignore SOFT Buffers                                              ; On                 ; On                 ;
; Limit AHDL Integers to 32 Bits                                   ; Off                ; Off                ;
; Optimization Technique                                           ; Balanced           ; Balanced           ;
; Carry Chain Length                                               ; 70                 ; 70                 ;
; Auto Carry Chains                                                ; On                 ; On                 ;
; Auto Open-Drain Pins                                             ; On                 ; On                 ;
; Perform WYSIWYG Primitive Resynthesis                            ; Off                ; Off                ;
; Auto Shift Register Replacement                                  ; Auto               ; Auto               ;
; Allow Shift Register Merging across Hierarchies                  ; Auto               ; Auto               ;
; Auto Clock Enable Replacement                                    ; On                 ; On                 ;
; Allow Synchronous Control Signals                                ; On                 ; On                 ;
; Force Use of Synchronous Clear Signals                           ; Off                ; Off                ;
; Auto Resource Sharing                                            ; Off                ; Off                ;
; Use LogicLock Constraints during Resource Balancing              ; On                 ; On                 ;
; Ignore translate_off and synthesis_off directives                ; Off                ; Off                ;
; Report Parameter Settings                                        ; On                 ; On                 ;
; Report Source Assignments                                        ; On                 ; On                 ;
; Report Connectivity Checks                                       ; On                 ; On                 ;
; Ignore Maximum Fan-Out Assignments                               ; Off                ; Off                ;
; Synchronization Register Chain Length                            ; 2                  ; 2                  ;
; Power Optimization During Synthesis                              ; Normal compilation ; Normal compilation ;
; HDL message level                                                ; Level2             ; Level2             ;
; Suppress Register Optimization Related Messages                  ; Off                ; Off                ;
; Number of Removed Registers Reported in Synthesis Report         ; 5000               ; 5000               ;
; Number of Swept Nodes Reported in Synthesis Report               ; 5000               ; 5000               ;
; Number of Inverted Registers Reported in Synthesis Report        ; 100                ; 100                ;
; Clock MUX Protection                                             ; On                 ; On                 ;
; Block Design Naming                                              ; Auto               ; Auto               ;
; Synthesis Effort                                                 ; Auto               ; Auto               ;
; Shift Register Replacement - Allow Asynchronous Clear Signal     ; On                 ; On                 ;
; Analysis & Synthesis Message Level                               ; Medium             ; Medium             ;
; Disable Register Merging Across Hierarchies                      ; Auto               ; Auto               ;
+------------------------------------------------------------------+--------------------+--------------------+


+------------------------------------------+
; Parallel Compilation                     ;
+----------------------------+-------------+
; Processors                 ; Number      ;
+----------------------------+-------------+
; Number detected on machine ; 4           ;
; Maximum allowed            ; 4           ;
;                            ;             ;
; Average used               ; 1.00        ;
; Maximum used               ; 1           ;
;                            ;             ;
; Usage by Processor         ; % Time Used ;
;     Processor 1            ; 100.0%      ;
+----------------------------+-------------+


+-------------------------------------------------------------------------------------------------------------------------------------------------+
; Analysis & Synthesis Source Files Read                                                                                                          ;
+----------------------------------+-----------------+------------------------------------+---------------------------------------------+---------+
; File Name with User-Entered Path ; Used in Netlist ; File Type                          ; File Name with Absolute Path                ; Library ;
+----------------------------------+-----------------+------------------------------------+---------------------------------------------+---------+
; piezo.bdf                        ; yes             ; User Block Diagram/Schematic File  ; C:/Users/user/Desktop/tenweek/piezo.bdf     ;         ;
; pnu_clk_div.v                    ; yes             ; Auto-Found Verilog HDL File        ; C:/Users/user/Desktop/tenweek/pnu_clk_div.v ;         ;
+----------------------------------+-----------------+------------------------------------+---------------------------------------------+---------+


+-----------------------------------------------------+
; Analysis & Synthesis Resource Usage Summary         ;
+---------------------------------------------+-------+
; Resource                                    ; Usage ;
+---------------------------------------------+-------+
; Total logic elements                        ; 307   ;
;     -- Combinational with no register       ; 97    ;
;     -- Register only                        ; 0     ;
;     -- Combinational with a register        ; 210   ;
;                                             ;       ;
; Logic element usage by number of LUT inputs ;       ;
;     -- 4 input functions                    ; 88    ;
;     -- 3 input functions                    ; 14    ;
;     -- 2 input functions                    ; 195   ;
;     -- 1 input functions                    ; 10    ;
;     -- 0 input functions                    ; 0     ;
;                                             ;       ;
; Logic elements by mode                      ;       ;
;     -- normal mode                          ; 117   ;
;     -- arithmetic mode                      ; 190   ;
;     -- qfbk mode                            ; 0     ;
;     -- register cascade mode                ; 0     ;
;     -- synchronous clear/load mode          ; 200   ;
;     -- asynchronous clear/load mode         ; 210   ;
;                                             ;       ;
; Total registers                             ; 210   ;
; Total logic cells in carry chains           ; 200   ;
; I/O pins                                    ; 13    ;
; Maximum fan-out node                        ; clk   ;
; Maximum fan-out                             ; 210   ;
; Total fan-out                               ; 1415  ;
; Average fan-out                             ; 4.42  ;
+---------------------------------------------+-------+


+-----------------------------------------------------------------------------------------------------------------------------------------------------------------------------------------------------------------------------------------+
; Analysis & Synthesis Resource Utilization by Entity                                                                                                                                                                                     ;
+----------------------------+-------------+--------------+------------+------+--------------+--------------+-------------------+------------------+-----------------+------------+--------------------------+-------------+--------------+
; Compilation Hierarchy Node ; Logic Cells ; LC Registers ; UFM Blocks ; Pins ; Virtual Pins ; LUT-Only LCs ; Register-Only LCs ; LUT/Register LCs ; Carry Chain LCs ; Packed LCs ; Full Hierarchy Name      ; Entity Name ; Library Name ;
+----------------------------+-------------+--------------+------------+------+--------------+--------------+-------------------+------------------+-----------------+------------+--------------------------+-------------+--------------+
; |piezo                     ; 307 (3)     ; 210          ; 0          ; 13   ; 0            ; 97 (3)       ; 0 (0)             ; 210 (0)          ; 200 (0)         ; 0 (0)      ; |piezo                   ; piezo       ; work         ;
;    |PNU_CLK_DIV:inst1|     ; 31 (31)     ; 21           ; 0          ; 0    ; 0            ; 10 (10)      ; 0 (0)             ; 21 (21)          ; 20 (20)         ; 0 (0)      ; |piezo|PNU_CLK_DIV:inst1 ; PNU_CLK_DIV ; work         ;
;    |PNU_CLK_DIV:inst2|     ; 30 (30)     ; 21           ; 0          ; 0    ; 0            ; 9 (9)        ; 0 (0)             ; 21 (21)          ; 20 (20)         ; 0 (0)      ; |piezo|PNU_CLK_DIV:inst2 ; PNU_CLK_DIV ; work         ;
;    |PNU_CLK_DIV:inst3|     ; 30 (30)     ; 21           ; 0          ; 0    ; 0            ; 9 (9)        ; 0 (0)             ; 21 (21)          ; 20 (20)         ; 0 (0)      ; |piezo|PNU_CLK_DIV:inst3 ; PNU_CLK_DIV ; work         ;
;    |PNU_CLK_DIV:inst4|     ; 31 (31)     ; 21           ; 0          ; 0    ; 0            ; 10 (10)      ; 0 (0)             ; 21 (21)          ; 20 (20)         ; 0 (0)      ; |piezo|PNU_CLK_DIV:inst4 ; PNU_CLK_DIV ; work         ;
;    |PNU_CLK_DIV:inst5|     ; 30 (30)     ; 21           ; 0          ; 0    ; 0            ; 9 (9)        ; 0 (0)             ; 21 (21)          ; 20 (20)         ; 0 (0)      ; |piezo|PNU_CLK_DIV:inst5 ; PNU_CLK_DIV ; work         ;
;    |PNU_CLK_DIV:inst6|     ; 29 (29)     ; 21           ; 0          ; 0    ; 0            ; 8 (8)        ; 0 (0)             ; 21 (21)          ; 20 (20)         ; 0 (0)      ; |piezo|PNU_CLK_DIV:inst6 ; PNU_CLK_DIV ; work         ;
;    |PNU_CLK_DIV:inst7|     ; 31 (31)     ; 21           ; 0          ; 0    ; 0            ; 10 (10)      ; 0 (0)             ; 21 (21)          ; 20 (20)         ; 0 (0)      ; |piezo|PNU_CLK_DIV:inst7 ; PNU_CLK_DIV ; work         ;
;    |PNU_CLK_DIV:inst8|     ; 30 (30)     ; 21           ; 0          ; 0    ; 0            ; 9 (9)        ; 0 (0)             ; 21 (21)          ; 20 (20)         ; 0 (0)      ; |piezo|PNU_CLK_DIV:inst8 ; PNU_CLK_DIV ; work         ;
;    |PNU_CLK_DIV:inst9|     ; 32 (32)     ; 21           ; 0          ; 0    ; 0            ; 11 (11)      ; 0 (0)             ; 21 (21)          ; 20 (20)         ; 0 (0)      ; |piezo|PNU_CLK_DIV:inst9 ; PNU_CLK_DIV ; work         ;
;    |PNU_CLK_DIV:inst|      ; 30 (30)     ; 21           ; 0          ; 0    ; 0            ; 9 (9)        ; 0 (0)             ; 21 (21)          ; 20 (20)         ; 0 (0)      ; |piezo|PNU_CLK_DIV:inst  ; PNU_CLK_DIV ; work         ;
+----------------------------+-------------+--------------+------------+------+--------------+--------------+-------------------+------------------+-----------------+------------+--------------------------+-------------+--------------+
Note: For table entries with two numbers listed, the numbers in parentheses indicate the number of resources of the given type used by the specific entity alone. The numbers listed outside of parentheses indicate the total resources of the given type used by the specific entity and all of its sub-entities in the hierarchy.


+------------------------------------------------------+
; General Register Statistics                          ;
+----------------------------------------------+-------+
; Statistic                                    ; Value ;
+----------------------------------------------+-------+
; Total registers                              ; 210   ;
; Number of registers using Synchronous Clear  ; 200   ;
; Number of registers using Synchronous Load   ; 0     ;
; Number of registers using Asynchronous Clear ; 210   ;
; Number of registers using Asynchronous Load  ; 0     ;
; Number of registers using Clock Enable       ; 0     ;
; Number of registers using Preset             ; 0     ;
+----------------------------------------------+-------+


+------------------------------------------------------------------------------------------------------------------------------------------------+
; Multiplexer Restructuring Statistics (Restructuring Performed)                                                                                 ;
+--------------------+-----------+---------------+----------------------+------------------------+------------+----------------------------------+
; Multiplexer Inputs ; Bus Width ; Baseline Area ; Area if Restructured ; Saving if Restructured ; Registered ; Example Multiplexer Output       ;
+--------------------+-----------+---------------+----------------------+------------------------+------------+----------------------------------+
; 3:1                ; 20 bits   ; 40 LEs        ; 20 LEs               ; 20 LEs                 ; Yes        ; |piezo|PNU_CLK_DIV:inst4|cnt[19] ;
; 3:1                ; 20 bits   ; 40 LEs        ; 20 LEs               ; 20 LEs                 ; Yes        ; |piezo|PNU_CLK_DIV:inst6|cnt[19] ;
; 3:1                ; 20 bits   ; 40 LEs        ; 20 LEs               ; 20 LEs                 ; Yes        ; |piezo|PNU_CLK_DIV:inst7|cnt[19] ;
; 3:1                ; 20 bits   ; 40 LEs        ; 20 LEs               ; 20 LEs                 ; Yes        ; |piezo|PNU_CLK_DIV:inst5|cnt[19] ;
; 3:1                ; 20 bits   ; 40 LEs        ; 20 LEs               ; 20 LEs                 ; Yes        ; |piezo|PNU_CLK_DIV:inst9|cnt[19] ;
; 3:1                ; 20 bits   ; 40 LEs        ; 20 LEs               ; 20 LEs                 ; Yes        ; |piezo|PNU_CLK_DIV:inst8|cnt[19] ;
; 3:1                ; 20 bits   ; 40 LEs        ; 20 LEs               ; 20 LEs                 ; Yes        ; |piezo|PNU_CLK_DIV:inst|cnt[19]  ;
; 3:1                ; 20 bits   ; 40 LEs        ; 20 LEs               ; 20 LEs                 ; Yes        ; |piezo|PNU_CLK_DIV:inst2|cnt[19] ;
; 3:1                ; 20 bits   ; 40 LEs        ; 20 LEs               ; 20 LEs                 ; Yes        ; |piezo|PNU_CLK_DIV:inst3|cnt[19] ;
; 3:1                ; 20 bits   ; 40 LEs        ; 20 LEs               ; 20 LEs                 ; Yes        ; |piezo|PNU_CLK_DIV:inst1|cnt[19] ;
+--------------------+-----------+---------------+----------------------+------------------------+------------+----------------------------------+


+----------------------------------------------------------------+
; Parameter Settings for User Entity Instance: PNU_CLK_DIV:inst4 ;
+----------------+-------+---------------------------------------+
; Parameter Name ; Value ; Type                                  ;
+----------------+-------+---------------------------------------+
; cnt_num        ; 2272  ; Signed Integer                        ;
+----------------+-------+---------------------------------------+
Note: In order to hide this table in the UI and the text report file, please set the "Show Parameter Settings in Synthesis Report" option in "Analysis and Synthesis Settings -> More Settings" to "Off".


+----------------------------------------------------------------+
; Parameter Settings for User Entity Instance: PNU_CLK_DIV:inst6 ;
+----------------+-------+---------------------------------------+
; Parameter Name ; Value ; Type                                  ;
+----------------+-------+---------------------------------------+
; cnt_num        ; 2865  ; Signed Integer                        ;
+----------------+-------+---------------------------------------+
Note: In order to hide this table in the UI and the text report file, please set the "Show Parameter Settings in Synthesis Report" option in "Analysis and Synthesis Settings -> More Settings" to "Off".


+----------------------------------------------------------------+
; Parameter Settings for User Entity Instance: PNU_CLK_DIV:inst7 ;
+----------------+-------+---------------------------------------+
; Parameter Name ; Value ; Type                                  ;
+----------------+-------+---------------------------------------+
; cnt_num        ; 3030  ; Signed Integer                        ;
+----------------+-------+---------------------------------------+
Note: In order to hide this table in the UI and the text report file, please set the "Show Parameter Settings in Synthesis Report" option in "Analysis and Synthesis Settings -> More Settings" to "Off".


+----------------------------------------------------------------+
; Parameter Settings for User Entity Instance: PNU_CLK_DIV:inst5 ;
+----------------+-------+---------------------------------------+
; Parameter Name ; Value ; Type                                  ;
+----------------+-------+---------------------------------------+
; cnt_num        ; 2551  ; Signed Integer                        ;
+----------------+-------+---------------------------------------+
Note: In order to hide this table in the UI and the text report file, please set the "Show Parameter Settings in Synthesis Report" option in "Analysis and Synthesis Settings -> More Settings" to "Off".


+----------------------------------------------------------------+
; Parameter Settings for User Entity Instance: PNU_CLK_DIV:inst9 ;
+----------------+-------+---------------------------------------+
; Parameter Name ; Value ; Type                                  ;
+----------------+-------+---------------------------------------+
; cnt_num        ; 3816  ; Signed Integer                        ;
+----------------+-------+---------------------------------------+
Note: In order to hide this table in the UI and the text report file, please set the "Show Parameter Settings in Synthesis Report" option in "Analysis and Synthesis Settings -> More Settings" to "Off".


+----------------------------------------------------------------+
; Parameter Settings for User Entity Instance: PNU_CLK_DIV:inst8 ;
+----------------+-------+---------------------------------------+
; Parameter Name ; Value ; Type                                  ;
+----------------+-------+---------------------------------------+
; cnt_num        ; 3401  ; Signed Integer                        ;
+----------------+-------+---------------------------------------+
Note: In order to hide this table in the UI and the text report file, please set the "Show Parameter Settings in Synthesis Report" option in "Analysis and Synthesis Settings -> More Settings" to "Off".


+---------------------------------------------------------------+
; Parameter Settings for User Entity Instance: PNU_CLK_DIV:inst ;
+----------------+-------+--------------------------------------+
; Parameter Name ; Value ; Type                                 ;
+----------------+-------+--------------------------------------+
; cnt_num        ; 1517  ; Signed Integer                       ;
+----------------+-------+--------------------------------------+
Note: In order to hide this table in the UI and the text report file, please set the "Show Parameter Settings in Synthesis Report" option in "Analysis and Synthesis Settings -> More Settings" to "Off".


+----------------------------------------------------------------+
; Parameter Settings for User Entity Instance: PNU_CLK_DIV:inst2 ;
+----------------+-------+---------------------------------------+
; Parameter Name ; Value ; Type                                  ;
+----------------+-------+---------------------------------------+
; cnt_num        ; 1912  ; Signed Integer                        ;
+----------------+-------+---------------------------------------+
Note: In order to hide this table in the UI and the text report file, please set the "Show Parameter Settings in Synthesis Report" option in "Analysis and Synthesis Settings -> More Settings" to "Off".


+----------------------------------------------------------------+
; Parameter Settings for User Entity Instance: PNU_CLK_DIV:inst3 ;
+----------------+-------+---------------------------------------+
; Parameter Name ; Value ; Type                                  ;
+----------------+-------+---------------------------------------+
; cnt_num        ; 2024  ; Signed Integer                        ;
+----------------+-------+---------------------------------------+
Note: In order to hide this table in the UI and the text report file, please set the "Show Parameter Settings in Synthesis Report" option in "Analysis and Synthesis Settings -> More Settings" to "Off".


+----------------------------------------------------------------+
; Parameter Settings for User Entity Instance: PNU_CLK_DIV:inst1 ;
+----------------+-------+---------------------------------------+
; Parameter Name ; Value ; Type                                  ;
+----------------+-------+---------------------------------------+
; cnt_num        ; 1703  ; Signed Integer                        ;
+----------------+-------+---------------------------------------+
Note: In order to hide this table in the UI and the text report file, please set the "Show Parameter Settings in Synthesis Report" option in "Analysis and Synthesis Settings -> More Settings" to "Off".


+-------------------------------+
; Analysis & Synthesis Messages ;
+-------------------------------+
Info: *******************************************************************
Info: Running Quartus Prime Analysis & Synthesis
    Info: Version 20.1.1 Build 720 11/11/2020 SJ Lite Edition
    Info: Processing started: Mon Nov 07 22:14:12 2022
Info: Command: quartus_map --read_settings_files=on --write_settings_files=off tenweekproject -c tenweekproject
Warning (18236): Number of processors has not been specified which may cause overloading on shared machines.  Set the global assignment NUM_PARALLEL_PROCESSORS in your QSF to an appropriate value for best performance.
Info (20030): Parallel compilation is enabled and will use 4 of the 4 processors detected
Info (12021): Found 1 design units, including 1 entities, in source file ji.bdf
    Info (12023): Found entity 1: ji
Info (12021): Found 1 design units, including 1 entities, in source file trigger.bdf
    Info (12023): Found entity 1: trigger
Info (12021): Found 1 design units, including 1 entities, in source file nineweekex1.bdf
    Info (12023): Found entity 1: nineweekex1
Info (12021): Found 1 design units, including 1 entities, in source file nineweek_ex2.bdf
    Info (12023): Found entity 1: nineweek_ex2
Info (12021): Found 1 design units, including 1 entities, in source file mx_4bit_2x1.bdf
    Info (12023): Found entity 1: mx_4bit_2x1
Info (12021): Found 1 design units, including 1 entities, in source file mx_2x1.bdf
    Info (12023): Found entity 1: mx_2x1
Info (12021): Found 1 design units, including 1 entities, in source file fourweek_ex5.bdf
    Info (12023): Found entity 1: Fourweek_ex5
Info (12021): Found 1 design units, including 1 entities, in source file fourbit_register_ce.bdf
    Info (12023): Found entity 1: fourbit_register_ce
Info (12021): Found 1 design units, including 1 entities, in source file fiveweek_ex2.bdf
    Info (12023): Found entity 1: fiveweek_ex2
Info (12021): Found 1 design units, including 1 entities, in source file ex1.bdf
    Info (12023): Found entity 1: ex1
Info (12021): Found 1 design units, including 1 entities, in source file d2b.bdf
    Info (12023): Found entity 1: d2b
Info (12021): Found 1 design units, including 1 entities, in source file counter4.bdf
    Info (12023): Found entity 1: counter4
Info (12021): Found 1 design units, including 1 entities, in source file b2seg.bdf
    Info (12023): Found entity 1: b2seg
Info (12021): Found 1 design units, including 1 entities, in source file tenweek_ex1.bdf
    Info (12023): Found entity 1: tenweek_ex1
Info (12021): Found 1 design units, including 1 entities, in source file piezo.bdf
    Info (12023): Found entity 1: piezo
Info (12021): Found 1 design units, including 1 entities, in source file led.bdf
    Info (12023): Found entity 1: LED
Info (12127): Elaborating entity "piezo" for the top level hierarchy
Warning (12125): Using design file pnu_clk_div.v, which is not specified as a design file for the current project, but contains definitions for 1 design units and 1 entities in project
    Info (12023): Found entity 1: PNU_CLK_DIV File: C:/Users/user/Desktop/tenweek/pnu_clk_div.v Line: 1
Info (12128): Elaborating entity "PNU_CLK_DIV" for hierarchy "PNU_CLK_DIV:inst4"
Warning (10230): Verilog HDL assignment warning at pnu_clk_div.v(26): truncated value with size 32 to match size of target (20) File: C:/Users/user/Desktop/tenweek/pnu_clk_div.v Line: 26
Info (12128): Elaborating entity "PNU_CLK_DIV" for hierarchy "PNU_CLK_DIV:inst6"
Warning (10230): Verilog HDL assignment warning at pnu_clk_div.v(26): truncated value with size 32 to match size of target (20) File: C:/Users/user/Desktop/tenweek/pnu_clk_div.v Line: 26
Info (12128): Elaborating entity "PNU_CLK_DIV" for hierarchy "PNU_CLK_DIV:inst7"
Warning (10230): Verilog HDL assignment warning at pnu_clk_div.v(26): truncated value with size 32 to match size of target (20) File: C:/Users/user/Desktop/tenweek/pnu_clk_div.v Line: 26
Info (12128): Elaborating entity "PNU_CLK_DIV" for hierarchy "PNU_CLK_DIV:inst5"
Warning (10230): Verilog HDL assignment warning at pnu_clk_div.v(26): truncated value with size 32 to match size of target (20) File: C:/Users/user/Desktop/tenweek/pnu_clk_div.v Line: 26
Info (12128): Elaborating entity "PNU_CLK_DIV" for hierarchy "PNU_CLK_DIV:inst9"
Warning (10230): Verilog HDL assignment warning at pnu_clk_div.v(26): truncated value with size 32 to match size of target (20) File: C:/Users/user/Desktop/tenweek/pnu_clk_div.v Line: 26
Info (12128): Elaborating entity "PNU_CLK_DIV" for hierarchy "PNU_CLK_DIV:inst8"
Warning (10230): Verilog HDL assignment warning at pnu_clk_div.v(26): truncated value with size 32 to match size of target (20) File: C:/Users/user/Desktop/tenweek/pnu_clk_div.v Line: 26
Info (12128): Elaborating entity "PNU_CLK_DIV" for hierarchy "PNU_CLK_DIV:inst"
Warning (10230): Verilog HDL assignment warning at pnu_clk_div.v(26): truncated value with size 32 to match size of target (20) File: C:/Users/user/Desktop/tenweek/pnu_clk_div.v Line: 26
Info (12128): Elaborating entity "PNU_CLK_DIV" for hierarchy "PNU_CLK_DIV:inst2"
Warning (10230): Verilog HDL assignment warning at pnu_clk_div.v(26): truncated value with size 32 to match size of target (20) File: C:/Users/user/Desktop/tenweek/pnu_clk_div.v Line: 26
Info (12128): Elaborating entity "PNU_CLK_DIV" for hierarchy "PNU_CLK_DIV:inst3"
Warning (10230): Verilog HDL assignment warning at pnu_clk_div.v(26): truncated value with size 32 to match size of target (20) File: C:/Users/user/Desktop/tenweek/pnu_clk_div.v Line: 26
Info (12128): Elaborating entity "PNU_CLK_DIV" for hierarchy "PNU_CLK_DIV:inst1"
Warning (10230): Verilog HDL assignment warning at pnu_clk_div.v(26): truncated value with size 32 to match size of target (20) File: C:/Users/user/Desktop/tenweek/pnu_clk_div.v Line: 26
Info (21057): Implemented 320 device resources after synthesis - the final resource count might be different
    Info (21058): Implemented 12 input pins
    Info (21059): Implemented 1 output pins
    Info (21061): Implemented 307 logic cells
Info: Quartus Prime Analysis & Synthesis was successful. 0 errors, 12 warnings
    Info: Peak virtual memory: 4722 megabytes
    Info: Processing ended: Mon Nov 07 22:14:24 2022
    Info: Elapsed time: 00:00:12
    Info: Total CPU time (on all processors): 00:00:21


